2016-06-29 10:54:56,851 [ContainerBackgroundProcessor[StandardEngine[Catalina]]] INFO  o.h.jpa.internal.util.LogHelper - HHH000204: Processing PersistenceUnitInfo [
	name: default
	...]
2016-06-29 10:54:56,974 [ContainerBackgroundProcessor[StandardEngine[Catalina]]] INFO  org.hibernate.Version - HHH000412: Hibernate Core {5.1.0.Final}
2016-06-29 10:54:56,976 [ContainerBackgroundProcessor[StandardEngine[Catalina]]] INFO  org.hibernate.cfg.Environment - HHH000206: hibernate.properties not found
2016-06-29 10:54:56,978 [ContainerBackgroundProcessor[StandardEngine[Catalina]]] INFO  org.hibernate.cfg.Environment - HHH000021: Bytecode provider name : javassist
2016-06-29 10:54:57,045 [ContainerBackgroundProcessor[StandardEngine[Catalina]]] INFO  o.h.annotations.common.Version - HCANN000001: Hibernate Commons Annotations {5.0.1.Final}
2016-06-29 10:54:57,349 [ContainerBackgroundProcessor[StandardEngine[Catalina]]] INFO  org.hibernate.dialect.Dialect - HHH000400: Using dialect: org.hibernate.dialect.PostgreSQLDialect
2016-06-29 10:54:57,539 [ContainerBackgroundProcessor[StandardEngine[Catalina]]] INFO  o.h.e.j.e.i.LobCreatorBuilderImpl - HHH000424: Disabling contextual LOB creation as createClob() method threw error : java.lang.reflect.InvocationTargetException
2016-06-29 10:54:57,542 [ContainerBackgroundProcessor[StandardEngine[Catalina]]] INFO  o.hibernate.type.BasicTypeRegistry - HHH000270: Type registration [java.util.UUID] overrides previous : org.hibernate.type.UUIDBinaryType@2c674720
2016-06-29 10:54:57,956 [ContainerBackgroundProcessor[StandardEngine[Catalina]]] INFO  o.h.validator.internal.util.Version - HV000001: Hibernate Validator 5.2.4.Final
2016-06-29 10:54:59,432 [ContainerBackgroundProcessor[StandardEngine[Catalina]]] INFO  o.h.jpa.internal.util.LogHelper - HHH000204: Processing PersistenceUnitInfo [
	name: default
	...]
2016-06-29 10:54:59,487 [ContainerBackgroundProcessor[StandardEngine[Catalina]]] INFO  org.hibernate.dialect.Dialect - HHH000400: Using dialect: org.hibernate.dialect.PostgreSQLDialect
2016-06-29 10:54:59,586 [ContainerBackgroundProcessor[StandardEngine[Catalina]]] INFO  o.h.e.j.e.i.LobCreatorBuilderImpl - HHH000424: Disabling contextual LOB creation as createClob() method threw error : java.lang.reflect.InvocationTargetException
2016-06-29 10:54:59,586 [ContainerBackgroundProcessor[StandardEngine[Catalina]]] INFO  o.hibernate.type.BasicTypeRegistry - HHH000270: Type registration [java.util.UUID] overrides previous : org.hibernate.type.UUIDBinaryType@2c674720
2016-06-29 10:54:59,637 [ContainerBackgroundProcessor[StandardEngine[Catalina]]] WARN  o.h.j.i.EntityManagerFactoryRegistry - HHH000436: Entity manager factory name (default) is already registered.  If entity manager will be clustered or passivated, specify a unique value for property 'hibernate.ejb.entitymanager_factory_name'
2016-06-29 10:55:08,142 [http-nio-8080-exec-4] INFO  o.h.h.i.QueryTranslatorFactoryInitiator - HHH000397: Using ASTQueryTranslatorFactory
2016-06-29 10:55:15,770 [http-nio-8080-exec-11] INFO  controller.EmployeeController - Employee search started for ana4.
2016-06-29 10:55:15,770 [http-nio-8080-exec-11] WARN  controller.EmployeeController - Employee search started for ana4.
2016-06-29 10:55:15,838 [http-nio-8080-exec-11] INFO  controller.EmployeeController - Employee search finished.
2016-06-29 10:58:17,599 [localhost-startStop-1] INFO  o.h.jpa.internal.util.LogHelper - HHH000204: Processing PersistenceUnitInfo [
	name: default
	...]
2016-06-29 10:58:17,717 [localhost-startStop-1] INFO  org.hibernate.Version - HHH000412: Hibernate Core {5.1.0.Final}
2016-06-29 10:58:17,720 [localhost-startStop-1] INFO  org.hibernate.cfg.Environment - HHH000206: hibernate.properties not found
2016-06-29 10:58:17,721 [localhost-startStop-1] INFO  org.hibernate.cfg.Environment - HHH000021: Bytecode provider name : javassist
2016-06-29 10:58:17,790 [localhost-startStop-1] INFO  o.h.annotations.common.Version - HCANN000001: Hibernate Commons Annotations {5.0.1.Final}
2016-06-29 10:58:18,080 [localhost-startStop-1] INFO  org.hibernate.dialect.Dialect - HHH000400: Using dialect: org.hibernate.dialect.PostgreSQLDialect
2016-06-29 10:58:18,276 [localhost-startStop-1] INFO  o.h.e.j.e.i.LobCreatorBuilderImpl - HHH000424: Disabling contextual LOB creation as createClob() method threw error : java.lang.reflect.InvocationTargetException
2016-06-29 10:58:18,278 [localhost-startStop-1] INFO  o.hibernate.type.BasicTypeRegistry - HHH000270: Type registration [java.util.UUID] overrides previous : org.hibernate.type.UUIDBinaryType@1e53928d
2016-06-29 10:58:18,763 [localhost-startStop-1] INFO  o.h.validator.internal.util.Version - HV000001: Hibernate Validator 5.2.4.Final
2016-06-29 10:58:20,447 [localhost-startStop-1] INFO  o.h.jpa.internal.util.LogHelper - HHH000204: Processing PersistenceUnitInfo [
	name: default
	...]
2016-06-29 10:58:20,495 [localhost-startStop-1] INFO  org.hibernate.dialect.Dialect - HHH000400: Using dialect: org.hibernate.dialect.PostgreSQLDialect
2016-06-29 10:58:20,596 [localhost-startStop-1] INFO  o.h.e.j.e.i.LobCreatorBuilderImpl - HHH000424: Disabling contextual LOB creation as createClob() method threw error : java.lang.reflect.InvocationTargetException
2016-06-29 10:58:20,596 [localhost-startStop-1] INFO  o.hibernate.type.BasicTypeRegistry - HHH000270: Type registration [java.util.UUID] overrides previous : org.hibernate.type.UUIDBinaryType@1e53928d
2016-06-29 10:58:20,651 [localhost-startStop-1] WARN  o.h.j.i.EntityManagerFactoryRegistry - HHH000436: Entity manager factory name (default) is already registered.  If entity manager will be clustered or passivated, specify a unique value for property 'hibernate.ejb.entitymanager_factory_name'
2016-06-29 11:01:57,582 [ContainerBackgroundProcessor[StandardEngine[Catalina]]] INFO  o.h.jpa.internal.util.LogHelper - HHH000204: Processing PersistenceUnitInfo [
	name: default
	...]
2016-06-29 11:01:57,717 [ContainerBackgroundProcessor[StandardEngine[Catalina]]] INFO  org.hibernate.Version - HHH000412: Hibernate Core {5.1.0.Final}
2016-06-29 11:01:57,719 [ContainerBackgroundProcessor[StandardEngine[Catalina]]] INFO  org.hibernate.cfg.Environment - HHH000206: hibernate.properties not found
2016-06-29 11:01:57,721 [ContainerBackgroundProcessor[StandardEngine[Catalina]]] INFO  org.hibernate.cfg.Environment - HHH000021: Bytecode provider name : javassist
2016-06-29 11:01:57,791 [ContainerBackgroundProcessor[StandardEngine[Catalina]]] INFO  o.h.annotations.common.Version - HCANN000001: Hibernate Commons Annotations {5.0.1.Final}
2016-06-29 11:01:58,077 [ContainerBackgroundProcessor[StandardEngine[Catalina]]] INFO  org.hibernate.dialect.Dialect - HHH000400: Using dialect: org.hibernate.dialect.PostgreSQLDialect
2016-06-29 11:01:58,258 [ContainerBackgroundProcessor[StandardEngine[Catalina]]] INFO  o.h.e.j.e.i.LobCreatorBuilderImpl - HHH000424: Disabling contextual LOB creation as createClob() method threw error : java.lang.reflect.InvocationTargetException
2016-06-29 11:01:58,261 [ContainerBackgroundProcessor[StandardEngine[Catalina]]] INFO  o.hibernate.type.BasicTypeRegistry - HHH000270: Type registration [java.util.UUID] overrides previous : org.hibernate.type.UUIDBinaryType@3ef3a4cf
2016-06-29 11:01:58,672 [ContainerBackgroundProcessor[StandardEngine[Catalina]]] INFO  o.h.validator.internal.util.Version - HV000001: Hibernate Validator 5.2.4.Final
2016-06-29 11:02:00,127 [ContainerBackgroundProcessor[StandardEngine[Catalina]]] INFO  o.h.jpa.internal.util.LogHelper - HHH000204: Processing PersistenceUnitInfo [
	name: default
	...]
2016-06-29 11:02:00,178 [ContainerBackgroundProcessor[StandardEngine[Catalina]]] INFO  org.hibernate.dialect.Dialect - HHH000400: Using dialect: org.hibernate.dialect.PostgreSQLDialect
2016-06-29 11:02:00,279 [ContainerBackgroundProcessor[StandardEngine[Catalina]]] INFO  o.h.e.j.e.i.LobCreatorBuilderImpl - HHH000424: Disabling contextual LOB creation as createClob() method threw error : java.lang.reflect.InvocationTargetException
2016-06-29 11:02:00,280 [ContainerBackgroundProcessor[StandardEngine[Catalina]]] INFO  o.hibernate.type.BasicTypeRegistry - HHH000270: Type registration [java.util.UUID] overrides previous : org.hibernate.type.UUIDBinaryType@3ef3a4cf
2016-06-29 11:02:00,338 [ContainerBackgroundProcessor[StandardEngine[Catalina]]] WARN  o.h.j.i.EntityManagerFactoryRegistry - HHH000436: Entity manager factory name (default) is already registered.  If entity manager will be clustered or passivated, specify a unique value for property 'hibernate.ejb.entitymanager_factory_name'
2016-06-29 11:10:20,941 [ContainerBackgroundProcessor[StandardEngine[Catalina]]] INFO  o.h.jpa.internal.util.LogHelper - HHH000204: Processing PersistenceUnitInfo [
	name: default
	...]
2016-06-29 11:10:21,062 [ContainerBackgroundProcessor[StandardEngine[Catalina]]] INFO  org.hibernate.Version - HHH000412: Hibernate Core {5.1.0.Final}
2016-06-29 11:10:21,065 [ContainerBackgroundProcessor[StandardEngine[Catalina]]] INFO  org.hibernate.cfg.Environment - HHH000206: hibernate.properties not found
2016-06-29 11:10:21,067 [ContainerBackgroundProcessor[StandardEngine[Catalina]]] INFO  org.hibernate.cfg.Environment - HHH000021: Bytecode provider name : javassist
2016-06-29 11:10:21,135 [ContainerBackgroundProcessor[StandardEngine[Catalina]]] INFO  o.h.annotations.common.Version - HCANN000001: Hibernate Commons Annotations {5.0.1.Final}
2016-06-29 11:10:21,419 [ContainerBackgroundProcessor[StandardEngine[Catalina]]] INFO  org.hibernate.dialect.Dialect - HHH000400: Using dialect: org.hibernate.dialect.PostgreSQLDialect
2016-06-29 11:10:21,606 [ContainerBackgroundProcessor[StandardEngine[Catalina]]] INFO  o.h.e.j.e.i.LobCreatorBuilderImpl - HHH000424: Disabling contextual LOB creation as createClob() method threw error : java.lang.reflect.InvocationTargetException
2016-06-29 11:10:21,608 [ContainerBackgroundProcessor[StandardEngine[Catalina]]] INFO  o.hibernate.type.BasicTypeRegistry - HHH000270: Type registration [java.util.UUID] overrides previous : org.hibernate.type.UUIDBinaryType@3f4fcda0
2016-06-29 11:10:22,029 [ContainerBackgroundProcessor[StandardEngine[Catalina]]] INFO  o.h.validator.internal.util.Version - HV000001: Hibernate Validator 5.2.4.Final
2016-06-29 11:10:23,824 [ContainerBackgroundProcessor[StandardEngine[Catalina]]] INFO  o.h.jpa.internal.util.LogHelper - HHH000204: Processing PersistenceUnitInfo [
	name: default
	...]
2016-06-29 11:10:23,887 [ContainerBackgroundProcessor[StandardEngine[Catalina]]] INFO  org.hibernate.dialect.Dialect - HHH000400: Using dialect: org.hibernate.dialect.PostgreSQLDialect
2016-06-29 11:10:24,004 [ContainerBackgroundProcessor[StandardEngine[Catalina]]] INFO  o.h.e.j.e.i.LobCreatorBuilderImpl - HHH000424: Disabling contextual LOB creation as createClob() method threw error : java.lang.reflect.InvocationTargetException
2016-06-29 11:10:24,005 [ContainerBackgroundProcessor[StandardEngine[Catalina]]] INFO  o.hibernate.type.BasicTypeRegistry - HHH000270: Type registration [java.util.UUID] overrides previous : org.hibernate.type.UUIDBinaryType@3f4fcda0
2016-06-29 11:10:24,078 [ContainerBackgroundProcessor[StandardEngine[Catalina]]] WARN  o.h.j.i.EntityManagerFactoryRegistry - HHH000436: Entity manager factory name (default) is already registered.  If entity manager will be clustered or passivated, specify a unique value for property 'hibernate.ejb.entitymanager_factory_name'
2016-06-29 11:11:11,122 [ContainerBackgroundProcessor[StandardEngine[Catalina]]] INFO  o.h.jpa.internal.util.LogHelper - HHH000204: Processing PersistenceUnitInfo [
	name: default
	...]
2016-06-29 11:11:12,531 [ContainerBackgroundProcessor[StandardEngine[Catalina]]] INFO  org.hibernate.Version - HHH000412: Hibernate Core {5.1.0.Final}
2016-06-29 11:11:12,534 [ContainerBackgroundProcessor[StandardEngine[Catalina]]] INFO  org.hibernate.cfg.Environment - HHH000206: hibernate.properties not found
2016-06-29 11:11:12,536 [ContainerBackgroundProcessor[StandardEngine[Catalina]]] INFO  org.hibernate.cfg.Environment - HHH000021: Bytecode provider name : javassist
2016-06-29 11:11:12,605 [ContainerBackgroundProcessor[StandardEngine[Catalina]]] INFO  o.h.annotations.common.Version - HCANN000001: Hibernate Commons Annotations {5.0.1.Final}
2016-06-29 11:11:12,890 [ContainerBackgroundProcessor[StandardEngine[Catalina]]] INFO  org.hibernate.dialect.Dialect - HHH000400: Using dialect: org.hibernate.dialect.PostgreSQLDialect
2016-06-29 11:11:13,075 [ContainerBackgroundProcessor[StandardEngine[Catalina]]] INFO  o.h.e.j.e.i.LobCreatorBuilderImpl - HHH000424: Disabling contextual LOB creation as createClob() method threw error : java.lang.reflect.InvocationTargetException
2016-06-29 11:11:13,077 [ContainerBackgroundProcessor[StandardEngine[Catalina]]] INFO  o.hibernate.type.BasicTypeRegistry - HHH000270: Type registration [java.util.UUID] overrides previous : org.hibernate.type.UUIDBinaryType@11b7c314
2016-06-29 11:11:13,494 [ContainerBackgroundProcessor[StandardEngine[Catalina]]] INFO  o.h.validator.internal.util.Version - HV000001: Hibernate Validator 5.2.4.Final
2016-06-29 11:11:14,942 [ContainerBackgroundProcessor[StandardEngine[Catalina]]] INFO  o.h.jpa.internal.util.LogHelper - HHH000204: Processing PersistenceUnitInfo [
	name: default
	...]
2016-06-29 11:11:15,000 [ContainerBackgroundProcessor[StandardEngine[Catalina]]] INFO  org.hibernate.dialect.Dialect - HHH000400: Using dialect: org.hibernate.dialect.PostgreSQLDialect
2016-06-29 11:11:15,101 [ContainerBackgroundProcessor[StandardEngine[Catalina]]] INFO  o.h.e.j.e.i.LobCreatorBuilderImpl - HHH000424: Disabling contextual LOB creation as createClob() method threw error : java.lang.reflect.InvocationTargetException
2016-06-29 11:11:15,101 [ContainerBackgroundProcessor[StandardEngine[Catalina]]] INFO  o.hibernate.type.BasicTypeRegistry - HHH000270: Type registration [java.util.UUID] overrides previous : org.hibernate.type.UUIDBinaryType@11b7c314
2016-06-29 11:11:15,163 [ContainerBackgroundProcessor[StandardEngine[Catalina]]] WARN  o.h.j.i.EntityManagerFactoryRegistry - HHH000436: Entity manager factory name (default) is already registered.  If entity manager will be clustered or passivated, specify a unique value for property 'hibernate.ejb.entitymanager_factory_name'
2016-06-29 11:14:40,442 [ContainerBackgroundProcessor[StandardEngine[Catalina]]] INFO  o.h.jpa.internal.util.LogHelper - HHH000204: Processing PersistenceUnitInfo [
	name: default
	...]
2016-06-29 11:14:40,560 [ContainerBackgroundProcessor[StandardEngine[Catalina]]] INFO  org.hibernate.Version - HHH000412: Hibernate Core {5.1.0.Final}
2016-06-29 11:14:40,562 [ContainerBackgroundProcessor[StandardEngine[Catalina]]] INFO  org.hibernate.cfg.Environment - HHH000206: hibernate.properties not found
2016-06-29 11:14:40,564 [ContainerBackgroundProcessor[StandardEngine[Catalina]]] INFO  org.hibernate.cfg.Environment - HHH000021: Bytecode provider name : javassist
2016-06-29 11:14:40,632 [ContainerBackgroundProcessor[StandardEngine[Catalina]]] INFO  o.h.annotations.common.Version - HCANN000001: Hibernate Commons Annotations {5.0.1.Final}
2016-06-29 11:14:40,927 [ContainerBackgroundProcessor[StandardEngine[Catalina]]] INFO  org.hibernate.dialect.Dialect - HHH000400: Using dialect: org.hibernate.dialect.PostgreSQLDialect
2016-06-29 11:14:41,126 [ContainerBackgroundProcessor[StandardEngine[Catalina]]] INFO  o.h.e.j.e.i.LobCreatorBuilderImpl - HHH000424: Disabling contextual LOB creation as createClob() method threw error : java.lang.reflect.InvocationTargetException
2016-06-29 11:14:41,130 [ContainerBackgroundProcessor[StandardEngine[Catalina]]] INFO  o.hibernate.type.BasicTypeRegistry - HHH000270: Type registration [java.util.UUID] overrides previous : org.hibernate.type.UUIDBinaryType@165af296
2016-06-29 11:14:41,559 [ContainerBackgroundProcessor[StandardEngine[Catalina]]] INFO  o.h.validator.internal.util.Version - HV000001: Hibernate Validator 5.2.4.Final
2016-06-29 11:14:43,002 [ContainerBackgroundProcessor[StandardEngine[Catalina]]] INFO  o.h.jpa.internal.util.LogHelper - HHH000204: Processing PersistenceUnitInfo [
	name: default
	...]
2016-06-29 11:14:43,052 [ContainerBackgroundProcessor[StandardEngine[Catalina]]] INFO  org.hibernate.dialect.Dialect - HHH000400: Using dialect: org.hibernate.dialect.PostgreSQLDialect
2016-06-29 11:14:43,151 [ContainerBackgroundProcessor[StandardEngine[Catalina]]] INFO  o.h.e.j.e.i.LobCreatorBuilderImpl - HHH000424: Disabling contextual LOB creation as createClob() method threw error : java.lang.reflect.InvocationTargetException
2016-06-29 11:14:43,152 [ContainerBackgroundProcessor[StandardEngine[Catalina]]] INFO  o.hibernate.type.BasicTypeRegistry - HHH000270: Type registration [java.util.UUID] overrides previous : org.hibernate.type.UUIDBinaryType@165af296
2016-06-29 11:14:43,208 [ContainerBackgroundProcessor[StandardEngine[Catalina]]] WARN  o.h.j.i.EntityManagerFactoryRegistry - HHH000436: Entity manager factory name (default) is already registered.  If entity manager will be clustered or passivated, specify a unique value for property 'hibernate.ejb.entitymanager_factory_name'
2016-06-29 11:24:08,235 [localhost-startStop-1] INFO  o.h.jpa.internal.util.LogHelper - HHH000204: Processing PersistenceUnitInfo [
	name: default
	...]
2016-06-29 11:24:08,356 [localhost-startStop-1] INFO  org.hibernate.Version - HHH000412: Hibernate Core {5.1.0.Final}
2016-06-29 11:24:08,358 [localhost-startStop-1] INFO  org.hibernate.cfg.Environment - HHH000206: hibernate.properties not found
2016-06-29 11:24:08,360 [localhost-startStop-1] INFO  org.hibernate.cfg.Environment - HHH000021: Bytecode provider name : javassist
2016-06-29 11:24:08,430 [localhost-startStop-1] INFO  o.h.annotations.common.Version - HCANN000001: Hibernate Commons Annotations {5.0.1.Final}
2016-06-29 11:24:08,728 [localhost-startStop-1] INFO  org.hibernate.dialect.Dialect - HHH000400: Using dialect: org.hibernate.dialect.PostgreSQLDialect
2016-06-29 11:24:08,922 [localhost-startStop-1] INFO  o.h.e.j.e.i.LobCreatorBuilderImpl - HHH000424: Disabling contextual LOB creation as createClob() method threw error : java.lang.reflect.InvocationTargetException
2016-06-29 11:24:08,925 [localhost-startStop-1] INFO  o.hibernate.type.BasicTypeRegistry - HHH000270: Type registration [java.util.UUID] overrides previous : org.hibernate.type.UUIDBinaryType@72b6f344
2016-06-29 11:24:09,426 [localhost-startStop-1] INFO  o.h.validator.internal.util.Version - HV000001: Hibernate Validator 5.2.4.Final
2016-06-29 11:24:11,172 [localhost-startStop-1] INFO  o.h.jpa.internal.util.LogHelper - HHH000204: Processing PersistenceUnitInfo [
	name: default
	...]
2016-06-29 11:24:11,218 [localhost-startStop-1] INFO  org.hibernate.dialect.Dialect - HHH000400: Using dialect: org.hibernate.dialect.PostgreSQLDialect
2016-06-29 11:24:11,316 [localhost-startStop-1] INFO  o.h.e.j.e.i.LobCreatorBuilderImpl - HHH000424: Disabling contextual LOB creation as createClob() method threw error : java.lang.reflect.InvocationTargetException
2016-06-29 11:24:11,316 [localhost-startStop-1] INFO  o.hibernate.type.BasicTypeRegistry - HHH000270: Type registration [java.util.UUID] overrides previous : org.hibernate.type.UUIDBinaryType@72b6f344
2016-06-29 11:24:11,367 [localhost-startStop-1] WARN  o.h.j.i.EntityManagerFactoryRegistry - HHH000436: Entity manager factory name (default) is already registered.  If entity manager will be clustered or passivated, specify a unique value for property 'hibernate.ejb.entitymanager_factory_name'
